     1                                  bits 32
     2                                  global start
     3                                  
     4                                  extern exit, fread, fclose, fopen
     5                                  import exit msvcrt.dll
     6                                  import fread msvcrt.dll
     7                                  import fclose msvcrt.dll
     8                                  import fopen msvcrt.dll
     9                                  
    10                                  segment data use32 class=data
    11 00000000 616E612E74787400            n db "ana.txt", 0
    12 00000008 7200                        m db "r", 0
    13 0000000A FFFFFFFF                    d_f dd -1
    14 0000000E <res 00000064>              buffer resb 100
    15                                      l equ $-buffer
    16 00000072 00000000                    c dd 0
    17                                  
    18                                  segment code use32 class=code
    19                                  ; citim toate caract dintr un fisier
    20                                      start:
    21                                      
    22 00000000 68[08000000]                push m
    23 00000005 68[00000000]                push n
    24 0000000A FF15[00000000]              call [fopen]
    25 00000010 83C408                      add ESP, 4*2
    26                                      
    27 00000013 83F800                      cmp EAX, 0
    28 00000016 7437                        jz end
    29                                      
    30 00000018 A3[0A000000]                mov [d_f], EAX
    31                                      
    32                                      .r 
    32          ******************       warning: label alone on a line without a colon might be in error [-w+orphan-labels]
    33 0000001D FF35[0A000000]                  push dword [d_f]
    34 00000023 6A64                            push l
    35 00000025 6A01                            push 1
    36 00000027 68[0E000000]                    push buffer
    37 0000002C FF15[00000000]                  call [fread]
    38 00000032 83C410                          add ESP, 4*4
    39                                          
    40 00000035 0105[72000000]                  add [c], EAX
    41 0000003B 83F864                          cmp EAX, l
    42 0000003E 74DD                            je .r
    43                                          
    44 00000040 FF35[0A000000]              push dword [d_f]
    45 00000046 FF15[00000000]              call [fclose]
    46 0000004C 83C404                      add ESP, 4*1
    47                                      
    48                                      end:
    49 0000004F 6A00                        push dword 0
    50 00000051 FF15[00000000]              call [exit]
