     1                                  bits 32
     2                                  global start
     3                                  
     4                                  extern exit, scanf, printf
     5                                  import exit msvcrt.dll
     6                                  import scanf msvcrt.dll
     7                                  import printf msvcrt.dll
     8                                  
     9                                  segment data use32 class=data
    10 00000000 257300                      f_str db "%s", 0
    11 00000003 <res 00000064>              buffer resb 100
    12 00000067 257800                      f_d db "%x", 0
    13                                      
    14                                  segment code use32 class=code
    15                                  
    16                                      start:
    17 00000000 68[03000000]                push buffer
    18 00000005 68[00000000]                push f_str
    19 0000000A FF15[00000000]              call [scanf]
    20 00000010 83C408                      add ESP, 4*2
    21                                      
    22 00000013 B800000000                  mov EAX, 0
    23 00000018 A0[03000000]                mov AL, [buffer]
    24                                      
    25 0000001D 50                          push EAX
    26 0000001E 68[67000000]                push f_d
    27 00000023 FF15[00000000]              call [printf]
    28 00000029 83C408                      add ESP, 4*2
    29                                      
    30                                      
    31 0000002C 6A00                        push dword 0
    32 0000002E FF15[00000000]              call [exit]
