     1                                  bits 32
     2                                  global start
     3                                  
     4                                  extern exit
     5                                  import exit msvcrt.dll
     6                                  
     7                                  segment data use32 class=data
     8                                  
     9 00000000 05                          a db 5
    10 00000001 F7                          b db -9
    11 00000002 02                          c db 2
    12                                      
    13                                  segment code use32 class=code
    14                                  
    15                                      start:
    16                                      
    17 00000000 66A1[00000000]              mov AX, [a] ; AX = 5
    18 00000006 660305[01000000]            add AX, [b] ; AX = -4
    19 0000000D F63D[02000000]              idiv byte [c]
    20                                      
    21                                      
    22 00000013 6A00                        push dword 0
    23 00000015 FF15[00000000]              call [exit]
