     1                                  bits 32 ; assembling for the 32 bits architecture
     2                                  
     3                                  ; declare the EntryPoint (a label defining the very first instruction of the program)
     4                                  global start        
     5                                  
     6                                  ; declare external functions needed by our program
     7                                  extern exit               ; tell nasm that exit exists even if we won't be defining it
     8                                  import exit msvcrt.dll    ; exit is a function that ends the calling process. It is defined in msvcrt.dll
     9                                                            ; msvcrt.dll contains exit, printf and all the other important C-runtime specific functions
    10                                  
    11                                  ; our data is declared here (the variables needed by our program)
    12                                  segment data use32 class=data
    13                                      ; ...
    14 00000000 7A3B                        a db 7Ah, 3Bh
    15 00000002 00                          b db 0
    16 00000003 3B7A                        c dw 7A3Bh
    17                                      banana equ ($-a)*8
    18                                  ; our code starts here
    19                                  segment code use32 class=code
    20                                      start:
    21                                          ; ...
    22                                  
    23 00000000 B800000000                      mov EAX, 0
    24 00000005 66A1[03000000]                  mov AX, [c]        ; exit(0)
    25 0000000B 6A00                            push    dword 0      ; push the parameter for exit onto the stack
    26 0000000D FF15[00000000]                  call    [exit]       ; call exit to terminate the program
