     1                                  ;caracterul special cu frecventa cea mai mare
     2                                  bits 32
     3                                  global start
     4                                  
     5                                  extern exit, fopen, fread, printf
     6                                  import exit msvcrt.dll
     7                                  import fopen msvcrt.dll
     8                                  import fread msvcrt.dll
     9                                  import printf msvcrt.dll
    10                                  
    11                                  segment data use32 class=data
    12 00000000 257300                      format db "%s", 0
    13 00000003 696E7075742E747874-         filename db "input.txt", 0
    13 0000000C 00                 
    14 0000000D <res 00000004>              descriptor resd 1
    15 00000011 7200                        acces_mode db "r", 0
    16 00000013 00000000                    maxChar dd 0
    17 00000017 00                          maxVal db 0
    18                                      
    19                                   
    20 00000018 <res 00000064>              buffer resb 100
    21 0000007C 0000<rept>                  frecventa times 256 dw 0
    22                                      
    23                                  
    24                                  segment code use32 class=data
    25                                  
    26                                      start:
    27                                      
    28 00000000 68[11000000]                push acces_mode
    29 00000005 68[03000000]                push filename
    30 0000000A FF15[00000000]              call [fopen]
    31 00000010 83C408                      add ESP, 4*2
    32                                      
    33 00000013 A3[0D000000]                mov [descriptor], EAX
    34                                      
    35                                      citire:
    36 00000018 FF35[0D000000]                  push dword [descriptor]
    37 0000001E 6A64                            push 100
    38 00000020 6A01                            push 1
    39 00000022 68[18000000]                    push buffer
    40 00000027 FF15[00000000]                  call [fread]
    41 0000002D 83C410                          add ESP, 4*4
    42                                          
    43 00000030 83F800                          cmp EAX, 0
    44 00000033 743F                            je endcitire
    45                                          
    46 00000035 89C1                            mov ECX, EAX
    47 00000037 BE[18000000]                    mov ESI, buffer
    48                                          parcurgere:
    49 0000003C AC                                  lodsb
    50                                              
    51 0000003D 3C30                                cmp AL, '0'
    52 0000003F 7206                                jb notDigit
    53                                              
    54 00000041 3C39                                cmp AL, '9'
    55 00000043 7702                                ja notDigit
    56                                              
    57 00000045 EB29                                jmp endParcurgere
    58                                              notDigit:
    59                                              
    60 00000047 3C41                                cmp AL, 'A'
    61 00000049 7206                                jb notUpper
    62                                              
    63 0000004B 3C5A                                cmp AL, 'Z'
    64 0000004D 7702                                ja notUpper
    65                                              
    66 0000004F EB1F                                jmp endParcurgere
    67                                              notUpper:
    68                                              
    69 00000051 3C61                                cmp AL, 'a'
    70 00000053 7206                                jb notLower
    71                                              
    72 00000055 3C7A                                cmp AL, 'z'
    73 00000057 7702                                ja notLower
    74                                              
    75 00000059 EB15                                jmp endParcurgere
    76                                              notLower:
    77                                              
    78 0000005B BA00000000                          mov EDX, 0
    79 00000060 88C2                                mov DL, AL
    80 00000062 8A82[7C000000]                      mov AL, [frecventa+EDX]
    81 00000068 FEC0                                inc AL
    82 0000006A 8882[7C000000]                      mov [frecventa+EDX], AL
    83                                           
    84                                           endParcurgere:
    85 00000070 E2CA                             loop parcurgere
    86                                           
    87 00000072 EBA4                         jmp citire   
    88                                      endcitire:
    89                                      
    90 00000074 BE[7C000000]                mov ESI, frecventa
    91 00000079 B900010000                  mov ECX, 256
    92                                      
    93                                      loop1:
    94 0000007E AC                              lodsb
    95                                          
    96 0000007F 3A05[17000000]                  cmp AL, [maxVal]
    97 00000085 720E                            jb endLoop1
    98 00000087 A2[17000000]                    mov [maxVal], AL
    99 0000008C 89F3                            mov EBX, ESI
   100 0000008E 4B                              dec EBX
   101 0000008F 891D[13000000]                  mov [maxChar], EBX
   102                                          
   103                                      endLoop1:
   104 00000095 E2E7                        loop loop1
   105 00000097 B8[7C000000]                mov EAX, frecventa
   106 0000009C 2905[13000000]              sub [maxChar], EAX
   107                                      
   108 000000A2 68[13000000]                push maxChar
   109 000000A7 68[00000000]                push format
   110 000000AC FF15[00000000]              call [printf]
   111 000000B2 83C408                      add ESP, 4*2
   112                                     
   113                                      
   114 000000B5 6A00                        push dword 0
   115 000000B7 FF15[00000000]              call [exit]
