e:\universitate\semestrul2-github\oop\trenchcoatadministrator\x64\debug\action.obj
e:\universitate\semestrul2-github\oop\trenchcoatadministrator\x64\debug\coatsiterator.obj
e:\universitate\semestrul2-github\oop\trenchcoatadministrator\x64\debug\coatvalidator.obj
e:\universitate\semestrul2-github\oop\trenchcoatadministrator\x64\debug\gui.obj
e:\universitate\semestrul2-github\oop\trenchcoatadministrator\x64\debug\barchart.obj
e:\universitate\semestrul2-github\oop\trenchcoatadministrator\x64\debug\trenchcoat.obj
e:\universitate\semestrul2-github\oop\trenchcoatadministrator\x64\debug\abstractrepository.obj
e:\universitate\semestrul2-github\oop\trenchcoatadministrator\x64\debug\coatstablemodel.obj
e:\universitate\semestrul2-github\oop\trenchcoatadministrator\x64\debug\main.obj
e:\universitate\semestrul2-github\oop\trenchcoatadministrator\x64\debug\coatservice.obj
e:\universitate\semestrul2-github\oop\trenchcoatadministrator\x64\debug\exceptions.obj
e:\universitate\semestrul2-github\oop\trenchcoatadministrator\x64\debug\filerepository.obj
e:\universitate\semestrul2-github\oop\trenchcoatadministrator\x64\debug\inmemoryrepository.obj
e:\universitate\semestrul2-github\oop\trenchcoatadministrator\x64\debug\tests.obj
e:\universitate\semestrul2-github\oop\trenchcoatadministrator\x64\debug\userlisttableview.obj
e:\universitate\semestrul2-github\oop\trenchcoatadministrator\x64\debug\vc142.pdb
e:\universitate\semestrul2-github\oop\trenchcoatadministrator\x64\debug\moc_barchart.obj
e:\universitate\semestrul2-github\oop\trenchcoatadministrator\x64\debug\moc_userlisttableview.obj
e:\universitate\semestrul2-github\oop\trenchcoatadministrator\x64\debug\moc_gui.obj
e:\universitate\semestrul2-github\oop\trenchcoatadministrator\x64\debug\qrc_trenchcoatadministrator.obj
e:\universitate\semestrul2-github\oop\trenchcoatadministrator\x64\debug\picturedelegate.obj
e:\universitate\semestrul2-github\oop\trenchcoatadministrator\x64\debug\trenchcoatadministrator.exe
e:\universitate\semestrul2-github\oop\trenchcoatadministrator\x64\debug\trenchcoatadministrator.ilk
e:\universitate\semestrul2-github\oop\trenchcoatadministrator\x64\debug\trenchcoatadministrator.pdb
e:\universitate\semestrul2-github\oop\trenchcoatadministrator\x64\debug\\moc\moc_gui.cpp
e:\universitate\semestrul2-github\oop\trenchcoatadministrator\x64\debug\\moc\moc_userlisttableview.cpp
e:\universitate\semestrul2-github\oop\trenchcoatadministrator\x64\debug\\moc\moc_barchart.cpp
e:\universitate\semestrul2-github\oop\trenchcoatadministrator\x64\debug\\rcc\qrc_trenchcoatadministrator.cpp
e:\universitate\semestrul2-github\oop\trenchcoatadministrator\x64\debug\uic\ui_trenchcoatadministrator.h
e:\universitate\semestrul2-github\oop\trenchcoatadministrator\x64\debug\uic\ui_userlisttableview.h
e:\universitate\semestrul2-github\oop\trenchcoatadministrator\x64\debug\rcc\qrc_trenchcoatadministrator.cpp
e:\universitate\semestrul2-github\oop\trenchcoatadministrator\x64\debug\moc\moc_gui.cpp
e:\universitate\semestrul2-github\oop\trenchcoatadministrator\x64\debug\moc\moc_userlisttableview.cpp
e:\universitate\semestrul2-github\oop\trenchcoatadministrator\x64\debug\moc\moc_barchart.cpp
e:\universitate\semestrul2-github\oop\trenchcoatadministrator\x64\debug\\uic\ui_trenchcoatadministrator.h
e:\universitate\semestrul2-github\oop\trenchcoatadministrator\x64\debug\\uic\ui_userlisttableview.h
e:\universitate\semestrul2-github\oop\trenchcoatadministrator\x64\debug\trenchco.9374d2d3.tlog\cl.command.1.tlog
e:\universitate\semestrul2-github\oop\trenchcoatadministrator\x64\debug\trenchco.9374d2d3.tlog\cl.read.1.tlog
e:\universitate\semestrul2-github\oop\trenchcoatadministrator\x64\debug\trenchco.9374d2d3.tlog\cl.write.1.tlog
e:\universitate\semestrul2-github\oop\trenchcoatadministrator\x64\debug\trenchco.9374d2d3.tlog\link.12296.delete.1.tlog
e:\universitate\semestrul2-github\oop\trenchcoatadministrator\x64\debug\trenchco.9374d2d3.tlog\link.12688.delete.1.tlog
e:\universitate\semestrul2-github\oop\trenchcoatadministrator\x64\debug\trenchco.9374d2d3.tlog\link.1764.delete.1.tlog
e:\universitate\semestrul2-github\oop\trenchcoatadministrator\x64\debug\trenchco.9374d2d3.tlog\link.2740.delete.1.tlog
e:\universitate\semestrul2-github\oop\trenchcoatadministrator\x64\debug\trenchco.9374d2d3.tlog\link.3188.delete.1.tlog
e:\universitate\semestrul2-github\oop\trenchcoatadministrator\x64\debug\trenchco.9374d2d3.tlog\link.3304.delete.1.tlog
e:\universitate\semestrul2-github\oop\trenchcoatadministrator\x64\debug\trenchco.9374d2d3.tlog\link.7828.delete.1.tlog
e:\universitate\semestrul2-github\oop\trenchcoatadministrator\x64\debug\trenchco.9374d2d3.tlog\link.7988.delete.1.tlog
e:\universitate\semestrul2-github\oop\trenchcoatadministrator\x64\debug\trenchco.9374d2d3.tlog\link.9524.delete.1.tlog
e:\universitate\semestrul2-github\oop\trenchcoatadministrator\x64\debug\trenchco.9374d2d3.tlog\link.command.1.tlog
e:\universitate\semestrul2-github\oop\trenchcoatadministrator\x64\debug\trenchco.9374d2d3.tlog\link.read.1.tlog
e:\universitate\semestrul2-github\oop\trenchcoatadministrator\x64\debug\trenchco.9374d2d3.tlog\link.write.1.tlog
e:\universitate\semestrul2-github\oop\trenchcoatadministrator\x64\debug\trenchco.9374d2d3.tlog\moc.read.1u.tlog
e:\universitate\semestrul2-github\oop\trenchcoatadministrator\x64\debug\trenchco.9374d2d3.tlog\moc.write.1u.tlog
e:\universitate\semestrul2-github\oop\trenchcoatadministrator\x64\debug\trenchco.9374d2d3.tlog\rcc.read.1u.tlog
e:\universitate\semestrul2-github\oop\trenchcoatadministrator\x64\debug\trenchco.9374d2d3.tlog\rcc.write.1u.tlog
e:\universitate\semestrul2-github\oop\trenchcoatadministrator\x64\debug\trenchco.9374d2d3.tlog\trenchcoatadministrator.write.1u.tlog
e:\universitate\semestrul2-github\oop\trenchcoatadministrator\x64\debug\trenchco.9374d2d3.tlog\uic.read.1u.tlog
e:\universitate\semestrul2-github\oop\trenchcoatadministrator\x64\debug\trenchco.9374d2d3.tlog\uic.write.1u.tlog
