e:\universitate\semestrul2-github\oop\seminar7\x64\debug\moc_chat.obj
e:\universitate\semestrul2-github\oop\seminar7\x64\debug\qrc_chat.obj
e:\universitate\semestrul2-github\oop\seminar7\x64\debug\main.obj
e:\universitate\semestrul2-github\oop\seminar7\x64\debug\chat.obj
e:\universitate\semestrul2-github\oop\seminar7\x64\debug\vc142.pdb
e:\universitate\semestrul2-github\oop\seminar7\x64\debug\seminar7.ilk
e:\universitate\semestrul2-github\oop\seminar7\x64\debug\seminar7.exe
e:\universitate\semestrul2-github\oop\seminar7\x64\debug\seminar7.pdb
e:\universitate\semestrul2-github\oop\seminar7\x64\debug\\moc\moc_chat.cpp
e:\universitate\semestrul2-github\oop\seminar7\x64\debug\\rcc\qrc_chat.cpp
e:\universitate\semestrul2-github\oop\seminar7\x64\debug\uic\ui_chat.h
e:\universitate\semestrul2-github\oop\seminar7\x64\debug\rcc\qrc_chat.cpp
e:\universitate\semestrul2-github\oop\seminar7\x64\debug\moc\moc_chat.cpp
e:\universitate\semestrul2-github\oop\seminar7\x64\debug\\uic\ui_chat.h
e:\universitate\semestrul2-github\oop\seminar7\x64\debug\seminar7.tlog\cl.10196.write.1.tlog
e:\universitate\semestrul2-github\oop\seminar7\x64\debug\seminar7.tlog\cl.command.1.tlog
e:\universitate\semestrul2-github\oop\seminar7\x64\debug\seminar7.tlog\cl.read.1.tlog
e:\universitate\semestrul2-github\oop\seminar7\x64\debug\seminar7.tlog\link.command.1.tlog
e:\universitate\semestrul2-github\oop\seminar7\x64\debug\seminar7.tlog\link.read.1.tlog
e:\universitate\semestrul2-github\oop\seminar7\x64\debug\seminar7.tlog\link.write.1.tlog
e:\universitate\semestrul2-github\oop\seminar7\x64\debug\seminar7.tlog\moc.read.1u.tlog
e:\universitate\semestrul2-github\oop\seminar7\x64\debug\seminar7.tlog\moc.write.1u.tlog
e:\universitate\semestrul2-github\oop\seminar7\x64\debug\seminar7.tlog\rcc.read.1u.tlog
e:\universitate\semestrul2-github\oop\seminar7\x64\debug\seminar7.tlog\rcc.write.1u.tlog
e:\universitate\semestrul2-github\oop\seminar7\x64\debug\seminar7.tlog\seminar7.write.1u.tlog
e:\universitate\semestrul2-github\oop\seminar7\x64\debug\seminar7.tlog\uic.read.1u.tlog
e:\universitate\semestrul2-github\oop\seminar7\x64\debug\seminar7.tlog\uic.write.1u.tlog
