e:\universitate\semestrul2-github\oop\quiz\x64\debug\vc142.pdb
e:\universitate\semestrul2-github\oop\quiz\x64\debug\participant.obj
e:\universitate\semestrul2-github\oop\quiz\x64\debug\domain.obj
e:\universitate\semestrul2-github\oop\quiz\x64\debug\main.obj
e:\universitate\semestrul2-github\oop\quiz\x64\debug\service.obj
e:\universitate\semestrul2-github\oop\quiz\x64\debug\repository.obj
e:\universitate\semestrul2-github\oop\quiz\x64\debug\prezenter.obj
e:\universitate\semestrul2-github\oop\quiz\x64\debug\qrc_prezenter.obj
e:\universitate\semestrul2-github\oop\quiz\x64\debug\moc_participant.obj
e:\universitate\semestrul2-github\oop\quiz\x64\debug\moc_prezenter.obj
e:\universitate\semestrul2-github\oop\quiz\x64\debug\quiz.ilk
e:\universitate\semestrul2-github\oop\quiz\x64\debug\quiz.exe
e:\universitate\semestrul2-github\oop\quiz\x64\debug\quiz.pdb
e:\universitate\semestrul2-github\oop\quiz\x64\debug\\moc\moc_prezenter.cpp
e:\universitate\semestrul2-github\oop\quiz\x64\debug\\moc\moc_participant.cpp
e:\universitate\semestrul2-github\oop\quiz\x64\debug\uic\ui_participant.h
e:\universitate\semestrul2-github\oop\quiz\x64\debug\uic\ui_prezenter.h
e:\universitate\semestrul2-github\oop\quiz\x64\debug\rcc\qrc_prezenter.cpp
e:\universitate\semestrul2-github\oop\quiz\x64\debug\moc\moc_prezenter.cpp
e:\universitate\semestrul2-github\oop\quiz\x64\debug\moc\moc_participant.cpp
e:\universitate\semestrul2-github\oop\quiz\x64\debug\\rcc\qrc_prezenter.cpp
e:\universitate\semestrul2-github\oop\quiz\x64\debug\\uic\ui_participant.h
e:\universitate\semestrul2-github\oop\quiz\x64\debug\\uic\ui_prezenter.h
e:\universitate\semestrul2-github\oop\quiz\x64\debug\quiz.tlog\cl.command.1.tlog
e:\universitate\semestrul2-github\oop\quiz\x64\debug\quiz.tlog\cl.read.1.tlog
e:\universitate\semestrul2-github\oop\quiz\x64\debug\quiz.tlog\cl.write.1.tlog
e:\universitate\semestrul2-github\oop\quiz\x64\debug\quiz.tlog\link.command.1.tlog
e:\universitate\semestrul2-github\oop\quiz\x64\debug\quiz.tlog\link.read.1.tlog
e:\universitate\semestrul2-github\oop\quiz\x64\debug\quiz.tlog\link.write.1.tlog
e:\universitate\semestrul2-github\oop\quiz\x64\debug\quiz.tlog\moc.read.1u.tlog
e:\universitate\semestrul2-github\oop\quiz\x64\debug\quiz.tlog\moc.write.1u.tlog
e:\universitate\semestrul2-github\oop\quiz\x64\debug\quiz.tlog\quiz.write.1u.tlog
e:\universitate\semestrul2-github\oop\quiz\x64\debug\quiz.tlog\rcc.read.1u.tlog
e:\universitate\semestrul2-github\oop\quiz\x64\debug\quiz.tlog\rcc.write.1u.tlog
e:\universitate\semestrul2-github\oop\quiz\x64\debug\quiz.tlog\uic.read.1u.tlog
e:\universitate\semestrul2-github\oop\quiz\x64\debug\quiz.tlog\uic.write.1u.tlog
