Mon Dec 14 19:12:02 2020: Starting Cisco Packet Tracer 7.3.1.0362
Mon Dec 14 19:12:02 2020: e:\cygdrive\e\eng-jenkins\workspace\team_ca-csr-sm-le-sgme\m_sgme_pt731_win64\engine\ipc\ccep.cpp(349):WARN  - Forced an exapp to be MANDATORY at run-time.
Mon Dec 14 19:12:02 2020: e:\cygdrive\e\eng-jenkins\workspace\team_ca-csr-sm-le-sgme\m_sgme_pt731_win64\engine\ipc\ccep.cpp(349):WARN  - Forced an exapp to be MANDATORY at run-time.
Mon Dec 14 19:12:05 2020: Script Module starting: 
Mon Dec 14 19:12:05 2020: Opening file: E:\University\Semester 3\Computer Networks\lab12\lab12_no_nat.pkt
Mon Dec 14 19:12:05 2020: Changed device name:  to Power Distribution Device0
Mon Dec 14 19:12:05 2020: Changed device name:  to PC0
Mon Dec 14 19:12:05 2020: Changed device name:  to PC1
Mon Dec 14 19:12:05 2020: Changed device name:  to PC2
Mon Dec 14 19:12:05 2020: Changed device name:  to PC3
Mon Dec 14 19:12:05 2020: Changed device name:  to Server3
Mon Dec 14 19:12:05 2020: Changed device name:  to Switch0
Mon Dec 14 19:12:05 2020: Changed device name:  to Router2
Mon Dec 14 19:12:05 2020: Changed device name:  to Router0
Mon Dec 14 19:12:05 2020: Changed device name:  to Router1
Mon Dec 14 19:12:05 2020: Changed device name:  to Switch1
Mon Dec 14 19:12:05 2020: Changed device name:  to Switch2
Mon Dec 14 19:12:05 2020: Changed device name:  to Switch3
Mon Dec 14 19:12:05 2020: Changed device name:  to PC3(1)
Mon Dec 14 19:12:05 2020: Changed device name:  to PC3(2)
Mon Dec 14 19:12:05 2020: Changed device name:  to PC3(3)
Mon Dec 14 19:12:05 2020: Changed device name:  to PC3(1)(1)
Mon Dec 14 19:12:05 2020: Changed device name:  to PC3(1)(2)
Mon Dec 14 19:12:05 2020: Changed device name:  to PC3(1)(3)
Mon Dec 14 19:12:05 2020: Changed device name:  to PC3(1)(4)
Mon Dec 14 19:12:05 2020: Changed device name:  to PC3(1)(5)
Mon Dec 14 19:12:06 2020: Changed device name:  to PC3(1)(6)
Mon Dec 14 19:12:06 2020: Changed device name:  to Router6
Mon Dec 14 19:12:06 2020: Script Module stopping: File
Mon Dec 14 19:12:06 2020: Script Module starting: File
Mon Dec 14 19:12:06 2020: File opened successfully.
Mon Dec 14 19:12:06 2020: Script Module starting: net.netacad.cisco.ActivitySequenceEditor
Mon Dec 14 19:12:06 2020: Script Module starting: net.netacad.cisco.ActivitySequencer
Mon Dec 14 19:12:06 2020: Script Module starting: net.netacad.cisco.clearTerminalAgent
Mon Dec 14 19:12:06 2020: Script Module starting: net.netacad.cisco.Marvel
Mon Dec 14 19:12:06 2020: Script Module starting: net.netacad.cisco.PcSoftware
Mon Dec 14 19:12:06 2020: Script Module starting: net.netacad.cisco.PTINTERNAL
Mon Dec 14 19:12:06 2020: Script Module starting: net.netacad.cisco.resource
Mon Dec 14 19:12:07 2020: e:\cygdrive\e\eng-jenkins\workspace\team_ca-csr-sm-le-sgme\m_sgme_pt731_win64\engine\ipc\ccep.cpp(349):WARN  - Forced an exapp to be MANDATORY at run-time.
Mon Dec 14 19:12:16 2020: e:\cygdrive\e\eng-jenkins\workspace\team_ca-csr-sm-le-sgme\m_sgme_pt731_win64\gui\deviceconfig\workstation\workstationwebview.cpp(40):INFO  - CWwvUrlInterceptor() - called
Mon Dec 14 19:12:36 2020: Router2: Router> enable
Mon Dec 14 19:12:36 2020: Router2: Router# configure terminal
Mon Dec 14 19:13:09 2020: e:\cygdrive\e\eng-jenkins\workspace\team_ca-csr-sm-le-sgme\m_sgme_pt731_win64\gui\deviceconfig\workstation\workstationwebview.cpp(40):INFO  - CWwvUrlInterceptor() - called
Mon Dec 14 19:13:24 2020: e:\cygdrive\e\eng-jenkins\workspace\team_ca-csr-sm-le-sgme\m_sgme_pt731_win64\gui\deviceconfig\workstation\workstationwebview.cpp(40):INFO  - CWwvUrlInterceptor() - called
Mon Dec 14 19:13:36 2020: e:\cygdrive\e\eng-jenkins\workspace\team_ca-csr-sm-le-sgme\m_sgme_pt731_win64\gui\deviceconfig\workstation\workstationwebview.cpp(40):INFO  - CWwvUrlInterceptor() - called
Mon Dec 14 19:13:44 2020: e:\cygdrive\e\eng-jenkins\workspace\team_ca-csr-sm-le-sgme\m_sgme_pt731_win64\gui\deviceconfig\workstation\workstationwebview.cpp(40):INFO  - CWwvUrlInterceptor() - called
Mon Dec 14 19:13:50 2020: Saving to file: E:/University/Semester 3/Computer Networks/lab12/lab12_no_nat.pkt
Mon Dec 14 19:13:50 2020: Saving options...
Mon Dec 14 19:13:50 2020: Options saved.
Mon Dec 14 19:13:50 2020: File saved successfully.
Mon Dec 14 19:13:56 2020: Saving to file: E:/University/Semester 3/Computer Networks/lab12/lab12_no_nat.pkt
Mon Dec 14 19:13:57 2020: Saving options...
Mon Dec 14 19:13:57 2020: Options saved.
Mon Dec 14 19:13:57 2020: File saved successfully.
Mon Dec 14 19:14:02 2020: Script Module stopping: File
Mon Dec 14 19:14:02 2020: Exiting
Mon Dec 14 19:14:02 2020: Saving options...
Mon Dec 14 19:14:02 2020: Options saved.
Mon Dec 14 19:14:02 2020: Script Module stopping: net.netacad.cisco.resource
Mon Dec 14 19:14:02 2020: Script Module stopping: net.netacad.cisco.PTINTERNAL
Mon Dec 14 19:14:02 2020: Script Module stopping: net.netacad.cisco.PcSoftware
Mon Dec 14 19:14:02 2020: Script Module stopping: net.netacad.cisco.Marvel
Mon Dec 14 19:14:02 2020: Script Module stopping: net.netacad.cisco.clearTerminalAgent
Mon Dec 14 19:14:02 2020: Script Module stopping: net.netacad.cisco.ActivitySequencer
Mon Dec 14 19:14:02 2020: Script Module stopping: net.netacad.cisco.ActivitySequenceEditor
