     1                                  bits 32
     2                                  global start
     3                                  
     4                                  segment data public data use32
     5 00000000 61626364                    s1 db "abcd"
     6 00000004 65666768                    s2 db "efgh"
     7                                      len equ 4
     8 00000008 <res 000000C8>              res resb 200
     9                                  
    10                                  segment code public code use32
    11                                  start:
    12                                      
    13 00000000 B8[00000000]                mov EAX, s1
    14 00000005 BB[04000000]                mov EBX, s2
    15 0000000A BF[08000000]                mov EDI, res
    16 0000000F B904000000                  mov ECX, len
    17                                      
    18                                      loop1:
    19 00000014 8A10                            mov DL, byte [EAX]
    20 00000016 8817                            mov [EDI], DL
    21 00000018 47                              inc EDI
    22 00000019 8A13                            mov DL, byte [EBX]
    23 0000001B 8817                            mov byte [EDI], DL
    24 0000001D 47                              inc EDI
    25 0000001E 40                              inc EAX
    26 0000001F 43                              inc EBX
    27 00000020 E2F2                        loop loop1
    28                                      
    29                                      
    30 00000022 6A00                        push dword 0 
    31                                   
    32                                  _interleave:
    33 00000024 55                          push EBP
    34 00000025 89E5                        mov EBP, ESP
    35 00000027 60                          pushad
    36                                      
    37                                      
    38                                      
    39                                      
    40 00000028 61                          popad
    41 00000029 89EC                        mov ESP,EBP
    42 0000002B 5D                          pop EBP
    43 0000002C B850110000                  mov EAX, 4432
    44 00000031 C3                          ret
