     1                                  bits 32 ; assembling for the 32 bits architecture
     2                                  
     3                                  ; declare the EntryPoint (a label defining the very first instruction of the program)
     4                                  global start        
     5                                  
     6                                  ; declare external functions needed by our program
     7                                  extern exit               ; tell nasm that exit exists even if we won't be defining it
     8                                  import exit msvcrt.dll    ; exit is a function that ends the calling process. It is defined in msvcrt.dll
     9                                                            ; msvcrt.dll contains exit, printf and all the other important C-runtime specific functions
    10                                  
    11                                  ; our data is declared here (the variables needed by our program)
    12                                  segment data use32 class=data
    13                                      ; ...
    14 00000000 B3                          a db 10110011b
    15 00000001 71                          b db 01110001b
    16 00000002 00                          c db 0
    17                                  ; our code starts here
    18                                  segment code use32 class=code
    19                                      start:
    20                                          ; ...
    21 00000000 A0[01000000]                mov AL,[b]
    22 00000005 24E0                        and AL,11100000b 
    23 00000007 C0E804                      shr AL, 4
    24 0000000A A2[02000000]                mov [c],AL ; c = 00000011
    25                                      
    26                                      
    27                                      
    28                                      
    29                                          ; exit(0)
    30 0000000F 6A00                        push    dword 0      ; push the parameter for exit onto the stack
    31 00000011 FF15[00000000]              call    [exit]       ; call exit to terminate the program
