     1                                  bits 32
     2                                  global start
     3                                  
     4                                  extern exit, scanf
     5                                  import exit msvcrt.dll
     6                                  import scanf msvcrt.dll
     7                                  
     8                                  segment data use32 class=data
     9                                  
    10 00000000 0103FCFA                    a db 1,3,-4,-6
    11                                      len equ $-a
    12 00000004 00<rept>                    r times len db 0
    13                                      
    14                                      
    15                                  segment code use32 class=code
    16                                  
    17                                      start:
    18                                      
    19 00000000 B904000000                  mov ECX, len
    20 00000005 BE[00000000]                mov ESI, a
    21 0000000A BF[04000000]                mov EDI, r
    22                                      
    23                                      l:
    24 0000000F 803E00                      cmp byte [esi], 0
    25 00000012 7D0A                        jge end
    26 00000014 F60601                      test byte [esi], 1
    27 00000017 7505                        jnz end
    28                                      
    29 00000019 8A06                        mov AL,[esi]
    30 0000001B 8807                        mov [edi], AL
    31                                      
    32                                      
    33 0000001D 47                          inc edi
    34                                      
    35                                      end:
    36 0000001E 46                          inc esi
    37 0000001F E2EE                        loop l 
    38                                      
    39                                      
    40 00000021 6A00                        push dword 0
    41 00000023 FF15[00000000]              call [exit]
