     1                                  bits 32
     2                                  global start
     3                                  extern exit
     4                                  import exit msvcrt.dll
     5                                  
     6                                  segment data use32 class=data  
     7 00000000 01                          a db 1
     8 00000001 02                          b db 2
     9 00000002 03                          c db 3
    10 00000003 04                          d db 4
    11                                      
    12                                  segment code use 32 class=code
    13                                      start:
    14 00000000 66A1[00000000]              mov AX,[a] ; AX=1
    15 00000006 662B05[01000000]            sub AX,[b] ; AX=1-2=-1
    16 0000000D 662B05[03000000]            sub AX,[d] ; ;AX=-1-4=-5
    17 00000014 6683C002                    add AX,2 ; AX=-3
    18 00000018 6605[0200]                  add AX,c ; AX=0
    19 0000001C 66BB0A00                    mov BX,10 ; BX=10
    20 00000020 6681EB[0100]                sub BX,b ; BX=8
    21 00000025 6601D8                      add AX,BX ; AX=8
    22 00000028 6683E809                    sub AX,9
    23                                      
    24                                      
    25 0000002C 6A00                        push dword 0
    26 0000002E FF15[00000000]              call [exit]
