     1                                  bits 32
     2                                  global start
     3                                  extern exit
     4                                  import exit msvcrt.dll
     5                                  
     6                                  segment data use32 class=data
     7                                  
     8 00000000 0200                        a dw 2
     9 00000002 0300                        b dw 3
    10 00000004 0400                        c dw 4
    11 00000006 0500                        d dw 5
    12                                  
    13                                  segment code use32 class=code
    14                                      start:
    15 00000000 66A1[00000000]              mov AX,[a]
    16 00000006 660305[02000000]            add AX,[b]
    17 0000000D 662B05[04000000]            sub AX,[c]
    18 00000014 662B05[06000000]            sub AX,[d]
    19 0000001B 662B05[06000000]            sub AX,[d]
    20 00000022 6A00                    push dword 0
    21 00000024 FF15[00000000]          call [exit]
